<?xml version="1.0" encoding="UTF-8"?>
<!-- Generated by org.testng.reporters.JUnitReportReporter -->
<testsuite skipped="0" hostname="Tyss-PT-030" name="com.ls.test.TC" tests="1" failures="0" timestamp="07 Jun 2019 06:21:24 GMT" time="29.986" errors="0">
  <testcase name="name2" time="29.986" classname="com.ls.test.TC"/>
</testsuite> <!-- com.ls.test.TC -->
